

================================================================
== Vitis HLS Report for 'conv2d_Pipeline_VITIS_LOOP_98_13_VITIS_LOOP_100_14'
================================================================
* Date:           Tue May 13 12:46:05 2025

* Version:        2024.1 (Build 5069499 on May 21 2024)
* Project:        HLS_Convolution
* Solution:       solution1 (Vivado IP Flow Target)
* Product family: zynq
* Target device:  xc7z020-clg400-1


================================================================
== Performance Estimates
================================================================
+ Timing: 
    * Summary: 
    +--------+---------+----------+------------+
    |  Clock |  Target | Estimated| Uncertainty|
    +--------+---------+----------+------------+
    |ap_clk  |  8.00 ns|  5.840 ns|     2.16 ns|
    +--------+---------+----------+------------+

+ Latency: 
    * Summary: 
    +---------+---------+----------+----------+-------+-------+-----------------------------------------------+
    |  Latency (cycles) |  Latency (absolute) |    Interval   |                    Pipeline                   |
    |   min   |   max   |    min   |    max   |  min  |  max  |                      Type                     |
    +---------+---------+----------+----------+-------+-------+-----------------------------------------------+
    |    15909|    15909|  0.127 ms|  0.127 ms|  15877|  15877|  loop auto-rewind stp(delay=0 clock cycles(s))|
    +---------+---------+----------+----------+-------+-------+-----------------------------------------------+

    + Detail: 
        * Instance: 
        N/A

        * Loop: 
        +--------------------------------------+---------+---------+----------+-----------+-----------+-------+----------+
        |                                      |  Latency (cycles) | Iteration|  Initiation Interval  |  Trip |          |
        |               Loop Name              |   min   |   max   |  Latency |  achieved |   target  | Count | Pipelined|
        +--------------------------------------+---------+---------+----------+-----------+-----------+-------+----------+
        |- VITIS_LOOP_98_13_VITIS_LOOP_100_14  |    15907|    15907|        33|          1|          1|  15876|       yes|
        +--------------------------------------+---------+---------+----------+-----------+-----------+-------+----------+

============================================================
+ Verbose Summary: Synthesis Manager
============================================================
InlineROM: 1
ExposeGlobal: 0
============================================================
+ Verbose Summary: CDFG Model
============================================================
IsTopModel: 0
ResetActiveHigh: 1
IsCombinational: 0
IsDatapathOnly: 0
HasWiredReturn: 1
HasMFsm: 2
HasVarLatency: 1
IsPipeline: 0
IsRtlPipelined: 0
IsInstanceOverlapped: 0
IsDontTouch: 0
HasImplIP: 0
IsGatedGlobalClock: 0

+ Individual pipeline summary: 
  * Pipeline-0: initiation interval (II) = 1, depth = 33


============================================================
+ Verbose Summary: Schedule
============================================================
* Number of FSM states : 33
* Pipeline : 1
  Pipeline-0 : II = 1, D = 33, States = { 1 2 3 4 5 6 7 8 9 10 11 12 13 14 15 16 17 18 19 20 21 22 23 24 25 26 27 28 29 30 31 32 33 }
* Dataflow Pipeline: 0

* FSM state transitions: 
1 --> 2 
2 --> 3 
3 --> 4 
4 --> 5 
5 --> 6 
6 --> 7 
7 --> 8 
8 --> 9 
9 --> 10 
10 --> 11 
11 --> 12 
12 --> 13 
13 --> 14 
14 --> 15 
15 --> 16 
16 --> 17 
17 --> 18 
18 --> 19 
19 --> 20 
20 --> 21 
21 --> 22 
22 --> 23 
23 --> 24 
24 --> 25 
25 --> 26 
26 --> 27 
27 --> 28 
28 --> 29 
29 --> 30 
30 --> 31 
31 --> 32 
32 --> 33 
33 --> 

* FSM state operations: 

State 1 <SV = 0> <Delay = 4.98>
ST_1 : Operation 36 [1/1] (0.00ns)   --->   "%col = alloca i32 1" [HLS_Convolution/sources/conv2d.c:100]   --->   Operation 36 'alloca' 'col' <Predicate = true> <Delay = 0.00>
ST_1 : Operation 37 [1/1] (0.00ns)   --->   "%row = alloca i32 1" [HLS_Convolution/sources/conv2d.c:98]   --->   Operation 37 'alloca' 'row' <Predicate = true> <Delay = 0.00>
ST_1 : Operation 38 [1/1] (0.00ns)   --->   "%indvar_flatten27 = alloca i32 1"   --->   Operation 38 'alloca' 'indvar_flatten27' <Predicate = true> <Delay = 0.00>
ST_1 : Operation 39 [1/1] (0.00ns)   --->   "%zext_ln98_read = read i16 @_ssdm_op_Read.ap_auto.i16, i16 %zext_ln98"   --->   Operation 39 'read' 'zext_ln98_read' <Predicate = true> <Delay = 0.00>
ST_1 : Operation 40 [1/1] (0.00ns)   --->   "%out_image_read = read i64 @_ssdm_op_Read.ap_auto.i64, i64 %out_image"   --->   Operation 40 'read' 'out_image_read' <Predicate = true> <Delay = 0.00>
ST_1 : Operation 41 [1/1] (0.00ns)   --->   "%zext_ln98_cast = zext i16 %zext_ln98_read"   --->   Operation 41 'zext' 'zext_ln98_cast' <Predicate = true> <Delay = 0.00>
ST_1 : Operation 42 [1/1] (0.00ns)   --->   "%specinterface_ln0 = specinterface void @_ssdm_op_SpecInterface, i8 %gmem1, void @empty, i32 0, i32 0, void @empty_0, i32 0, i32 0, void @empty_3, void @empty_2, void @empty_0, i32 16, i32 16, i32 16, i32 16, void @empty_0, void @empty_0, i32 4294967295, i32 0, i32 0"   --->   Operation 42 'specinterface' 'specinterface_ln0' <Predicate = true> <Delay = 0.00>
ST_1 : Operation 43 [1/1] (1.58ns)   --->   "%store_ln0 = store i14 0, i14 %indvar_flatten27"   --->   Operation 43 'store' 'store_ln0' <Predicate = true> <Delay = 1.58>
ST_1 : Operation 44 [1/1] (1.58ns)   --->   "%store_ln98 = store i7 0, i7 %row" [HLS_Convolution/sources/conv2d.c:98]   --->   Operation 44 'store' 'store_ln98' <Predicate = true> <Delay = 1.58>
ST_1 : Operation 45 [1/1] (1.58ns)   --->   "%store_ln100 = store i7 0, i7 %col" [HLS_Convolution/sources/conv2d.c:100]   --->   Operation 45 'store' 'store_ln100' <Predicate = true> <Delay = 1.58>
ST_1 : Operation 46 [1/1] (0.00ns)   --->   "%br_ln0 = br void %for.inc182"   --->   Operation 46 'br' 'br_ln0' <Predicate = true> <Delay = 0.00>
ST_1 : Operation 47 [1/1] (0.00ns)   --->   "%indvar_flatten27_load = load i14 %indvar_flatten27" [HLS_Convolution/sources/conv2d.c:98]   --->   Operation 47 'load' 'indvar_flatten27_load' <Predicate = true> <Delay = 0.00>
ST_1 : Operation 48 [1/1] (0.00ns)   --->   "%specbitsmap_ln0 = specbitsmap void @_ssdm_op_SpecBitsMap, i8 %gmem1"   --->   Operation 48 'specbitsmap' 'specbitsmap_ln0' <Predicate = true> <Delay = 0.00>
ST_1 : Operation 49 [1/1] (1.81ns)   --->   "%icmp_ln98 = icmp_eq  i14 %indvar_flatten27_load, i14 15876" [HLS_Convolution/sources/conv2d.c:98]   --->   Operation 49 'icmp' 'icmp_ln98' <Predicate = true> <Delay = 1.81> <CoreInst = "Cmp">   --->   Core 9 'Cmp' <Latency = 0> <II = 1> <Delay = 1.81> <FuncUnit> <Opcode : 'seteq' 'setne' 'setle' 'setge' 'setlt' 'setgt'> <InPorts = 2> <OutPorts = 1>
ST_1 : Operation 50 [1/1] (1.81ns)   --->   "%add_ln98_1 = add i14 %indvar_flatten27_load, i14 1" [HLS_Convolution/sources/conv2d.c:98]   --->   Operation 50 'add' 'add_ln98_1' <Predicate = true> <Delay = 1.81> <CoreInst = "Adder">   --->   Core 1 'Adder' <Latency = 0> <II = 1> <Delay = 1.81> <FuncUnit> <Opcode : 'add' 'sub'> <InPorts = 2> <OutPorts = 1>
ST_1 : Operation 51 [1/1] (0.00ns)   --->   "%br_ln98 = br i1 %icmp_ln98, void %for.inc185, void %for.end187.exitStub" [HLS_Convolution/sources/conv2d.c:98]   --->   Operation 51 'br' 'br_ln98' <Predicate = true> <Delay = 0.00>
ST_1 : Operation 52 [1/1] (0.00ns)   --->   "%col_load = load i7 %col" [HLS_Convolution/sources/conv2d.c:100]   --->   Operation 52 'load' 'col_load' <Predicate = (!icmp_ln98)> <Delay = 0.00>
ST_1 : Operation 53 [1/1] (1.87ns)   --->   "%icmp_ln100 = icmp_eq  i7 %col_load, i7 126" [HLS_Convolution/sources/conv2d.c:100]   --->   Operation 53 'icmp' 'icmp_ln100' <Predicate = (!icmp_ln98)> <Delay = 1.87> <CoreInst = "Cmp">   --->   Core 9 'Cmp' <Latency = 0> <II = 1> <Delay = 1.87> <FuncUnit> <Opcode : 'seteq' 'setne' 'setle' 'setge' 'setlt' 'setgt'> <InPorts = 2> <OutPorts = 1>
ST_1 : Operation 54 [1/1] (0.99ns)   --->   "%select_ln98 = select i1 %icmp_ln100, i7 0, i7 %col_load" [HLS_Convolution/sources/conv2d.c:98]   --->   Operation 54 'select' 'select_ln98' <Predicate = (!icmp_ln98)> <Delay = 0.99> <CoreInst = "Sel">   --->   Core 73 'Sel' <Latency = 0> <II = 1> <Delay = 0.99> <FuncUnit> <Opcode : 'select'> <InPorts = 3> <OutPorts = 1>
ST_1 : Operation 55 [1/1] (1.58ns)   --->   "%store_ln98 = store i14 %add_ln98_1, i14 %indvar_flatten27" [HLS_Convolution/sources/conv2d.c:98]   --->   Operation 55 'store' 'store_ln98' <Predicate = (!icmp_ln98)> <Delay = 1.58>

State 2 <SV = 1> <Delay = 4.45>
ST_2 : Operation 56 [1/1] (0.00ns)   --->   "%row_load = load i7 %row" [HLS_Convolution/sources/conv2d.c:98]   --->   Operation 56 'load' 'row_load' <Predicate = true> <Delay = 0.00>
ST_2 : Operation 57 [1/1] (1.87ns)   --->   "%add_ln98 = add i7 %row_load, i7 1" [HLS_Convolution/sources/conv2d.c:98]   --->   Operation 57 'add' 'add_ln98' <Predicate = (icmp_ln100)> <Delay = 1.87> <CoreInst = "Adder">   --->   Core 1 'Adder' <Latency = 0> <II = 1> <Delay = 1.87> <FuncUnit> <Opcode : 'add' 'sub'> <InPorts = 2> <OutPorts = 1>
ST_2 : Operation 58 [1/1] (0.99ns)   --->   "%select_ln98_1 = select i1 %icmp_ln100, i7 %add_ln98, i7 %row_load" [HLS_Convolution/sources/conv2d.c:98]   --->   Operation 58 'select' 'select_ln98_1' <Predicate = true> <Delay = 0.99> <CoreInst = "Sel">   --->   Core 73 'Sel' <Latency = 0> <II = 1> <Delay = 0.99> <FuncUnit> <Opcode : 'select'> <InPorts = 3> <OutPorts = 1>
ST_2 : Operation 59 [1/1] (1.87ns)   --->   "%add_ln100 = add i7 %select_ln98, i7 1" [HLS_Convolution/sources/conv2d.c:100]   --->   Operation 59 'add' 'add_ln100' <Predicate = true> <Delay = 1.87> <CoreInst = "Adder">   --->   Core 1 'Adder' <Latency = 0> <II = 1> <Delay = 1.87> <FuncUnit> <Opcode : 'add' 'sub'> <InPorts = 2> <OutPorts = 1>
ST_2 : Operation 60 [1/1] (1.58ns)   --->   "%store_ln98 = store i7 %select_ln98_1, i7 %row" [HLS_Convolution/sources/conv2d.c:98]   --->   Operation 60 'store' 'store_ln98' <Predicate = true> <Delay = 1.58>
ST_2 : Operation 61 [1/1] (1.58ns)   --->   "%store_ln100 = store i7 %add_ln100, i7 %col" [HLS_Convolution/sources/conv2d.c:100]   --->   Operation 61 'store' 'store_ln100' <Predicate = true> <Delay = 1.58>

State 3 <SV = 2> <Delay = 3.84>
ST_3 : Operation 62 [1/1] (0.00ns)   --->   "%p_shl8 = bitconcatenate i14 @_ssdm_op_BitConcatenate.i14.i7.i7, i7 %select_ln98_1, i7 0" [HLS_Convolution/sources/conv2d.c:102]   --->   Operation 62 'bitconcatenate' 'p_shl8' <Predicate = true> <Delay = 0.00>
ST_3 : Operation 63 [1/1] (0.00ns)   --->   "%tmp = bitconcatenate i8 @_ssdm_op_BitConcatenate.i8.i7.i1, i7 %select_ln98_1, i1 0" [HLS_Convolution/sources/conv2d.c:102]   --->   Operation 63 'bitconcatenate' 'tmp' <Predicate = true> <Delay = 0.00>
ST_3 : Operation 64 [1/1] (0.00ns)   --->   "%zext_ln102 = zext i8 %tmp" [HLS_Convolution/sources/conv2d.c:102]   --->   Operation 64 'zext' 'zext_ln102' <Predicate = true> <Delay = 0.00>
ST_3 : Operation 65 [1/1] (0.00ns) (grouped into TernaryAdder)   --->   "%sub_ln102 = sub i14 %p_shl8, i14 %zext_ln102" [HLS_Convolution/sources/conv2d.c:102]   --->   Operation 65 'sub' 'sub_ln102' <Predicate = true> <Delay = 0.00> <CoreInst = "TAddSub">   --->   Core 10 'TAddSub' <Latency = 0> <II = 1> <Delay = 1.92> <IPBlock> <Opcode : '' 'add' 'sub'> <InPorts = 3> <OutPorts = 1> <Sync> <CReg>
ST_3 : Operation 66 [1/1] (0.00ns)   --->   "%zext_ln102_1 = zext i7 %select_ln98" [HLS_Convolution/sources/conv2d.c:102]   --->   Operation 66 'zext' 'zext_ln102_1' <Predicate = true> <Delay = 0.00>
ST_3 : Operation 67 [1/1] (3.84ns) (root node of TernaryAdder)   --->   "%add_ln102 = add i14 %sub_ln102, i14 %zext_ln102_1" [HLS_Convolution/sources/conv2d.c:102]   --->   Operation 67 'add' 'add_ln102' <Predicate = true> <Delay = 3.84> <CoreInst = "TAddSub">   --->   Core 10 'TAddSub' <Latency = 0> <II = 1> <Delay = 1.92> <IPBlock> <Opcode : '' 'add' 'sub'> <InPorts = 3> <OutPorts = 1> <Sync> <CReg>

State 4 <SV = 3> <Delay = 3.25>
ST_4 : Operation 68 [1/1] (0.00ns)   --->   "%zext_ln102_2 = zext i14 %add_ln102" [HLS_Convolution/sources/conv2d.c:102]   --->   Operation 68 'zext' 'zext_ln102_2' <Predicate = true> <Delay = 0.00>
ST_4 : Operation 69 [1/1] (0.00ns)   --->   "%out_image_sobel_addr = getelementptr i13 %out_image_sobel, i64 0, i64 %zext_ln102_2" [HLS_Convolution/sources/conv2d.c:102]   --->   Operation 69 'getelementptr' 'out_image_sobel_addr' <Predicate = true> <Delay = 0.00>
ST_4 : Operation 70 [2/2] (3.25ns)   --->   "%out_image_sobel_load = load i14 %out_image_sobel_addr" [HLS_Convolution/sources/conv2d.c:102]   --->   Operation 70 'load' 'out_image_sobel_load' <Predicate = true> <Delay = 3.25> <CoreInst = "RAM">   --->   Core 81 'RAM' <Latency = 1> <II = 1> <Delay = 3.25> <Storage> <Opcode : 'load' 'store'> <Ports = 2> <Width = 13> <Depth = 15876> <RAM>

State 5 <SV = 4> <Delay = 5.47>
ST_5 : Operation 71 [1/2] (3.25ns)   --->   "%out_image_sobel_load = load i14 %out_image_sobel_addr" [HLS_Convolution/sources/conv2d.c:102]   --->   Operation 71 'load' 'out_image_sobel_load' <Predicate = true> <Delay = 3.25> <CoreInst = "RAM">   --->   Core 81 'RAM' <Latency = 1> <II = 1> <Delay = 3.25> <Storage> <Opcode : 'load' 'store'> <Ports = 2> <Width = 13> <Depth = 15876> <RAM>
ST_5 : Operation 72 [1/1] (0.00ns)   --->   "%sext_ln102 = sext i13 %out_image_sobel_load" [HLS_Convolution/sources/conv2d.c:102]   --->   Operation 72 'sext' 'sext_ln102' <Predicate = true> <Delay = 0.00>
ST_5 : Operation 73 [1/1] (0.00ns)   --->   "%zext_ln102_3 = zext i16 %sext_ln102" [HLS_Convolution/sources/conv2d.c:102]   --->   Operation 73 'zext' 'zext_ln102_3' <Predicate = true> <Delay = 0.00>
ST_5 : Operation 74 [1/1] (0.00ns)   --->   "%tmp_1 = bitconcatenate i21 @_ssdm_op_BitConcatenate.i21.i13.i8, i13 %out_image_sobel_load, i8 0" [HLS_Convolution/sources/conv2d.c:102]   --->   Operation 74 'bitconcatenate' 'tmp_1' <Predicate = true> <Delay = 0.00>
ST_5 : Operation 75 [1/1] (0.00ns)   --->   "%sext_ln102_1 = sext i21 %tmp_1" [HLS_Convolution/sources/conv2d.c:102]   --->   Operation 75 'sext' 'sext_ln102_1' <Predicate = true> <Delay = 0.00>
ST_5 : Operation 76 [1/1] (2.22ns)   --->   "%sub_ln102_1 = sub i24 %sext_ln102_1, i24 %zext_ln102_3" [HLS_Convolution/sources/conv2d.c:102]   --->   Operation 76 'sub' 'sub_ln102_1' <Predicate = true> <Delay = 2.22> <CoreInst = "Adder">   --->   Core 1 'Adder' <Latency = 0> <II = 1> <Delay = 2.22> <FuncUnit> <Opcode : 'add' 'sub'> <InPorts = 2> <OutPorts = 1>

State 6 <SV = 5> <Delay = 4.07>
ST_6 : Operation 77 [27/27] (4.07ns)   --->   "%udiv_ln102 = udiv i24 %sub_ln102_1, i24 %zext_ln98_cast" [HLS_Convolution/sources/conv2d.c:102]   --->   Operation 77 'udiv' 'udiv_ln102' <Predicate = true> <Delay = 4.07> <CoreInst = "Divider">   --->   Core 6 'Divider' <Latency = 26> <II = 1> <Delay = 4.07> <FuncUnit> <Opcode : 'udiv' 'sdiv' 'urem' 'srem'> <InPorts = 2> <OutPorts = 1>

State 7 <SV = 6> <Delay = 4.07>
ST_7 : Operation 78 [26/27] (4.07ns)   --->   "%udiv_ln102 = udiv i24 %sub_ln102_1, i24 %zext_ln98_cast" [HLS_Convolution/sources/conv2d.c:102]   --->   Operation 78 'udiv' 'udiv_ln102' <Predicate = true> <Delay = 4.07> <CoreInst = "Divider">   --->   Core 6 'Divider' <Latency = 26> <II = 1> <Delay = 4.07> <FuncUnit> <Opcode : 'udiv' 'sdiv' 'urem' 'srem'> <InPorts = 2> <OutPorts = 1>

State 8 <SV = 7> <Delay = 4.07>
ST_8 : Operation 79 [25/27] (4.07ns)   --->   "%udiv_ln102 = udiv i24 %sub_ln102_1, i24 %zext_ln98_cast" [HLS_Convolution/sources/conv2d.c:102]   --->   Operation 79 'udiv' 'udiv_ln102' <Predicate = true> <Delay = 4.07> <CoreInst = "Divider">   --->   Core 6 'Divider' <Latency = 26> <II = 1> <Delay = 4.07> <FuncUnit> <Opcode : 'udiv' 'sdiv' 'urem' 'srem'> <InPorts = 2> <OutPorts = 1>

State 9 <SV = 8> <Delay = 4.07>
ST_9 : Operation 80 [24/27] (4.07ns)   --->   "%udiv_ln102 = udiv i24 %sub_ln102_1, i24 %zext_ln98_cast" [HLS_Convolution/sources/conv2d.c:102]   --->   Operation 80 'udiv' 'udiv_ln102' <Predicate = true> <Delay = 4.07> <CoreInst = "Divider">   --->   Core 6 'Divider' <Latency = 26> <II = 1> <Delay = 4.07> <FuncUnit> <Opcode : 'udiv' 'sdiv' 'urem' 'srem'> <InPorts = 2> <OutPorts = 1>

State 10 <SV = 9> <Delay = 4.07>
ST_10 : Operation 81 [23/27] (4.07ns)   --->   "%udiv_ln102 = udiv i24 %sub_ln102_1, i24 %zext_ln98_cast" [HLS_Convolution/sources/conv2d.c:102]   --->   Operation 81 'udiv' 'udiv_ln102' <Predicate = true> <Delay = 4.07> <CoreInst = "Divider">   --->   Core 6 'Divider' <Latency = 26> <II = 1> <Delay = 4.07> <FuncUnit> <Opcode : 'udiv' 'sdiv' 'urem' 'srem'> <InPorts = 2> <OutPorts = 1>

State 11 <SV = 10> <Delay = 4.07>
ST_11 : Operation 82 [22/27] (4.07ns)   --->   "%udiv_ln102 = udiv i24 %sub_ln102_1, i24 %zext_ln98_cast" [HLS_Convolution/sources/conv2d.c:102]   --->   Operation 82 'udiv' 'udiv_ln102' <Predicate = true> <Delay = 4.07> <CoreInst = "Divider">   --->   Core 6 'Divider' <Latency = 26> <II = 1> <Delay = 4.07> <FuncUnit> <Opcode : 'udiv' 'sdiv' 'urem' 'srem'> <InPorts = 2> <OutPorts = 1>

State 12 <SV = 11> <Delay = 4.07>
ST_12 : Operation 83 [21/27] (4.07ns)   --->   "%udiv_ln102 = udiv i24 %sub_ln102_1, i24 %zext_ln98_cast" [HLS_Convolution/sources/conv2d.c:102]   --->   Operation 83 'udiv' 'udiv_ln102' <Predicate = true> <Delay = 4.07> <CoreInst = "Divider">   --->   Core 6 'Divider' <Latency = 26> <II = 1> <Delay = 4.07> <FuncUnit> <Opcode : 'udiv' 'sdiv' 'urem' 'srem'> <InPorts = 2> <OutPorts = 1>

State 13 <SV = 12> <Delay = 4.07>
ST_13 : Operation 84 [20/27] (4.07ns)   --->   "%udiv_ln102 = udiv i24 %sub_ln102_1, i24 %zext_ln98_cast" [HLS_Convolution/sources/conv2d.c:102]   --->   Operation 84 'udiv' 'udiv_ln102' <Predicate = true> <Delay = 4.07> <CoreInst = "Divider">   --->   Core 6 'Divider' <Latency = 26> <II = 1> <Delay = 4.07> <FuncUnit> <Opcode : 'udiv' 'sdiv' 'urem' 'srem'> <InPorts = 2> <OutPorts = 1>

State 14 <SV = 13> <Delay = 4.07>
ST_14 : Operation 85 [19/27] (4.07ns)   --->   "%udiv_ln102 = udiv i24 %sub_ln102_1, i24 %zext_ln98_cast" [HLS_Convolution/sources/conv2d.c:102]   --->   Operation 85 'udiv' 'udiv_ln102' <Predicate = true> <Delay = 4.07> <CoreInst = "Divider">   --->   Core 6 'Divider' <Latency = 26> <II = 1> <Delay = 4.07> <FuncUnit> <Opcode : 'udiv' 'sdiv' 'urem' 'srem'> <InPorts = 2> <OutPorts = 1>

State 15 <SV = 14> <Delay = 4.07>
ST_15 : Operation 86 [18/27] (4.07ns)   --->   "%udiv_ln102 = udiv i24 %sub_ln102_1, i24 %zext_ln98_cast" [HLS_Convolution/sources/conv2d.c:102]   --->   Operation 86 'udiv' 'udiv_ln102' <Predicate = true> <Delay = 4.07> <CoreInst = "Divider">   --->   Core 6 'Divider' <Latency = 26> <II = 1> <Delay = 4.07> <FuncUnit> <Opcode : 'udiv' 'sdiv' 'urem' 'srem'> <InPorts = 2> <OutPorts = 1>

State 16 <SV = 15> <Delay = 4.07>
ST_16 : Operation 87 [17/27] (4.07ns)   --->   "%udiv_ln102 = udiv i24 %sub_ln102_1, i24 %zext_ln98_cast" [HLS_Convolution/sources/conv2d.c:102]   --->   Operation 87 'udiv' 'udiv_ln102' <Predicate = true> <Delay = 4.07> <CoreInst = "Divider">   --->   Core 6 'Divider' <Latency = 26> <II = 1> <Delay = 4.07> <FuncUnit> <Opcode : 'udiv' 'sdiv' 'urem' 'srem'> <InPorts = 2> <OutPorts = 1>

State 17 <SV = 16> <Delay = 4.07>
ST_17 : Operation 88 [16/27] (4.07ns)   --->   "%udiv_ln102 = udiv i24 %sub_ln102_1, i24 %zext_ln98_cast" [HLS_Convolution/sources/conv2d.c:102]   --->   Operation 88 'udiv' 'udiv_ln102' <Predicate = true> <Delay = 4.07> <CoreInst = "Divider">   --->   Core 6 'Divider' <Latency = 26> <II = 1> <Delay = 4.07> <FuncUnit> <Opcode : 'udiv' 'sdiv' 'urem' 'srem'> <InPorts = 2> <OutPorts = 1>

State 18 <SV = 17> <Delay = 4.07>
ST_18 : Operation 89 [15/27] (4.07ns)   --->   "%udiv_ln102 = udiv i24 %sub_ln102_1, i24 %zext_ln98_cast" [HLS_Convolution/sources/conv2d.c:102]   --->   Operation 89 'udiv' 'udiv_ln102' <Predicate = true> <Delay = 4.07> <CoreInst = "Divider">   --->   Core 6 'Divider' <Latency = 26> <II = 1> <Delay = 4.07> <FuncUnit> <Opcode : 'udiv' 'sdiv' 'urem' 'srem'> <InPorts = 2> <OutPorts = 1>

State 19 <SV = 18> <Delay = 4.07>
ST_19 : Operation 90 [14/27] (4.07ns)   --->   "%udiv_ln102 = udiv i24 %sub_ln102_1, i24 %zext_ln98_cast" [HLS_Convolution/sources/conv2d.c:102]   --->   Operation 90 'udiv' 'udiv_ln102' <Predicate = true> <Delay = 4.07> <CoreInst = "Divider">   --->   Core 6 'Divider' <Latency = 26> <II = 1> <Delay = 4.07> <FuncUnit> <Opcode : 'udiv' 'sdiv' 'urem' 'srem'> <InPorts = 2> <OutPorts = 1>

State 20 <SV = 19> <Delay = 4.07>
ST_20 : Operation 91 [13/27] (4.07ns)   --->   "%udiv_ln102 = udiv i24 %sub_ln102_1, i24 %zext_ln98_cast" [HLS_Convolution/sources/conv2d.c:102]   --->   Operation 91 'udiv' 'udiv_ln102' <Predicate = true> <Delay = 4.07> <CoreInst = "Divider">   --->   Core 6 'Divider' <Latency = 26> <II = 1> <Delay = 4.07> <FuncUnit> <Opcode : 'udiv' 'sdiv' 'urem' 'srem'> <InPorts = 2> <OutPorts = 1>

State 21 <SV = 20> <Delay = 4.07>
ST_21 : Operation 92 [12/27] (4.07ns)   --->   "%udiv_ln102 = udiv i24 %sub_ln102_1, i24 %zext_ln98_cast" [HLS_Convolution/sources/conv2d.c:102]   --->   Operation 92 'udiv' 'udiv_ln102' <Predicate = true> <Delay = 4.07> <CoreInst = "Divider">   --->   Core 6 'Divider' <Latency = 26> <II = 1> <Delay = 4.07> <FuncUnit> <Opcode : 'udiv' 'sdiv' 'urem' 'srem'> <InPorts = 2> <OutPorts = 1>

State 22 <SV = 21> <Delay = 4.07>
ST_22 : Operation 93 [11/27] (4.07ns)   --->   "%udiv_ln102 = udiv i24 %sub_ln102_1, i24 %zext_ln98_cast" [HLS_Convolution/sources/conv2d.c:102]   --->   Operation 93 'udiv' 'udiv_ln102' <Predicate = true> <Delay = 4.07> <CoreInst = "Divider">   --->   Core 6 'Divider' <Latency = 26> <II = 1> <Delay = 4.07> <FuncUnit> <Opcode : 'udiv' 'sdiv' 'urem' 'srem'> <InPorts = 2> <OutPorts = 1>

State 23 <SV = 22> <Delay = 4.07>
ST_23 : Operation 94 [10/27] (4.07ns)   --->   "%udiv_ln102 = udiv i24 %sub_ln102_1, i24 %zext_ln98_cast" [HLS_Convolution/sources/conv2d.c:102]   --->   Operation 94 'udiv' 'udiv_ln102' <Predicate = true> <Delay = 4.07> <CoreInst = "Divider">   --->   Core 6 'Divider' <Latency = 26> <II = 1> <Delay = 4.07> <FuncUnit> <Opcode : 'udiv' 'sdiv' 'urem' 'srem'> <InPorts = 2> <OutPorts = 1>

State 24 <SV = 23> <Delay = 4.07>
ST_24 : Operation 95 [9/27] (4.07ns)   --->   "%udiv_ln102 = udiv i24 %sub_ln102_1, i24 %zext_ln98_cast" [HLS_Convolution/sources/conv2d.c:102]   --->   Operation 95 'udiv' 'udiv_ln102' <Predicate = true> <Delay = 4.07> <CoreInst = "Divider">   --->   Core 6 'Divider' <Latency = 26> <II = 1> <Delay = 4.07> <FuncUnit> <Opcode : 'udiv' 'sdiv' 'urem' 'srem'> <InPorts = 2> <OutPorts = 1>

State 25 <SV = 24> <Delay = 4.07>
ST_25 : Operation 96 [8/27] (4.07ns)   --->   "%udiv_ln102 = udiv i24 %sub_ln102_1, i24 %zext_ln98_cast" [HLS_Convolution/sources/conv2d.c:102]   --->   Operation 96 'udiv' 'udiv_ln102' <Predicate = true> <Delay = 4.07> <CoreInst = "Divider">   --->   Core 6 'Divider' <Latency = 26> <II = 1> <Delay = 4.07> <FuncUnit> <Opcode : 'udiv' 'sdiv' 'urem' 'srem'> <InPorts = 2> <OutPorts = 1>

State 26 <SV = 25> <Delay = 4.07>
ST_26 : Operation 97 [7/27] (4.07ns)   --->   "%udiv_ln102 = udiv i24 %sub_ln102_1, i24 %zext_ln98_cast" [HLS_Convolution/sources/conv2d.c:102]   --->   Operation 97 'udiv' 'udiv_ln102' <Predicate = true> <Delay = 4.07> <CoreInst = "Divider">   --->   Core 6 'Divider' <Latency = 26> <II = 1> <Delay = 4.07> <FuncUnit> <Opcode : 'udiv' 'sdiv' 'urem' 'srem'> <InPorts = 2> <OutPorts = 1>

State 27 <SV = 26> <Delay = 4.07>
ST_27 : Operation 98 [6/27] (4.07ns)   --->   "%udiv_ln102 = udiv i24 %sub_ln102_1, i24 %zext_ln98_cast" [HLS_Convolution/sources/conv2d.c:102]   --->   Operation 98 'udiv' 'udiv_ln102' <Predicate = true> <Delay = 4.07> <CoreInst = "Divider">   --->   Core 6 'Divider' <Latency = 26> <II = 1> <Delay = 4.07> <FuncUnit> <Opcode : 'udiv' 'sdiv' 'urem' 'srem'> <InPorts = 2> <OutPorts = 1>

State 28 <SV = 27> <Delay = 4.07>
ST_28 : Operation 99 [5/27] (4.07ns)   --->   "%udiv_ln102 = udiv i24 %sub_ln102_1, i24 %zext_ln98_cast" [HLS_Convolution/sources/conv2d.c:102]   --->   Operation 99 'udiv' 'udiv_ln102' <Predicate = true> <Delay = 4.07> <CoreInst = "Divider">   --->   Core 6 'Divider' <Latency = 26> <II = 1> <Delay = 4.07> <FuncUnit> <Opcode : 'udiv' 'sdiv' 'urem' 'srem'> <InPorts = 2> <OutPorts = 1>

State 29 <SV = 28> <Delay = 4.07>
ST_29 : Operation 100 [4/27] (4.07ns)   --->   "%udiv_ln102 = udiv i24 %sub_ln102_1, i24 %zext_ln98_cast" [HLS_Convolution/sources/conv2d.c:102]   --->   Operation 100 'udiv' 'udiv_ln102' <Predicate = true> <Delay = 4.07> <CoreInst = "Divider">   --->   Core 6 'Divider' <Latency = 26> <II = 1> <Delay = 4.07> <FuncUnit> <Opcode : 'udiv' 'sdiv' 'urem' 'srem'> <InPorts = 2> <OutPorts = 1>

State 30 <SV = 29> <Delay = 4.07>
ST_30 : Operation 101 [3/27] (4.07ns)   --->   "%udiv_ln102 = udiv i24 %sub_ln102_1, i24 %zext_ln98_cast" [HLS_Convolution/sources/conv2d.c:102]   --->   Operation 101 'udiv' 'udiv_ln102' <Predicate = true> <Delay = 4.07> <CoreInst = "Divider">   --->   Core 6 'Divider' <Latency = 26> <II = 1> <Delay = 4.07> <FuncUnit> <Opcode : 'udiv' 'sdiv' 'urem' 'srem'> <InPorts = 2> <OutPorts = 1>

State 31 <SV = 30> <Delay = 4.07>
ST_31 : Operation 102 [2/27] (4.07ns)   --->   "%udiv_ln102 = udiv i24 %sub_ln102_1, i24 %zext_ln98_cast" [HLS_Convolution/sources/conv2d.c:102]   --->   Operation 102 'udiv' 'udiv_ln102' <Predicate = true> <Delay = 4.07> <CoreInst = "Divider">   --->   Core 6 'Divider' <Latency = 26> <II = 1> <Delay = 4.07> <FuncUnit> <Opcode : 'udiv' 'sdiv' 'urem' 'srem'> <InPorts = 2> <OutPorts = 1>

State 32 <SV = 31> <Delay = 4.07>
ST_32 : Operation 103 [1/27] (4.07ns)   --->   "%udiv_ln102 = udiv i24 %sub_ln102_1, i24 %zext_ln98_cast" [HLS_Convolution/sources/conv2d.c:102]   --->   Operation 103 'udiv' 'udiv_ln102' <Predicate = true> <Delay = 4.07> <CoreInst = "Divider">   --->   Core 6 'Divider' <Latency = 26> <II = 1> <Delay = 4.07> <FuncUnit> <Opcode : 'udiv' 'sdiv' 'urem' 'srem'> <InPorts = 2> <OutPorts = 1>
ST_32 : Operation 111 [1/1] (1.58ns)   --->   "%ret_ln0 = ret"   --->   Operation 111 'ret' 'ret_ln0' <Predicate = (icmp_ln98)> <Delay = 1.58>

State 33 <SV = 32> <Delay = 5.84>
ST_33 : Operation 104 [1/1] (0.00ns)   --->   "%gmem1_addr = getelementptr i8 %gmem1, i64 %out_image_read" [HLS_Convolution/sources/conv2d.c:98]   --->   Operation 104 'getelementptr' 'gmem1_addr' <Predicate = true> <Delay = 0.00>
ST_33 : Operation 105 [1/1] (0.00ns)   --->   "%specloopname_ln0 = specloopname void @_ssdm_op_SpecLoopName, void @VITIS_LOOP_98_13_VITIS_LOOP_100_14_str"   --->   Operation 105 'specloopname' 'specloopname_ln0' <Predicate = true> <Delay = 0.00>
ST_33 : Operation 106 [1/1] (0.00ns)   --->   "%speclooptripcount_ln0 = speclooptripcount void @_ssdm_op_SpecLoopTripCount, i64 15876, i64 15876, i64 15876"   --->   Operation 106 'speclooptripcount' 'speclooptripcount_ln0' <Predicate = true> <Delay = 0.00>
ST_33 : Operation 107 [1/1] (0.00ns)   --->   "%specpipeline_ln100 = specpipeline void @_ssdm_op_SpecPipeline, i32 4294967295, i32 0, i32 0, i32 0, void @empty_0" [HLS_Convolution/sources/conv2d.c:100]   --->   Operation 107 'specpipeline' 'specpipeline_ln100' <Predicate = true> <Delay = 0.00>
ST_33 : Operation 108 [1/1] (0.00ns)   --->   "%trunc_ln102 = trunc i8 %udiv_ln102" [HLS_Convolution/sources/conv2d.c:102]   --->   Operation 108 'trunc' 'trunc_ln102' <Predicate = true> <Delay = 0.00>
ST_33 : Operation 109 [1/1] (5.84ns)   --->   "%write_ln102 = write void @_ssdm_op_Write.m_axi.p1i8, i8 %gmem1_addr, i8 %trunc_ln102, i1 1" [HLS_Convolution/sources/conv2d.c:102]   --->   Operation 109 'write' 'write_ln102' <Predicate = true> <Delay = 5.84> <CoreInst = "m_axi">   --->   Core 111 'm_axi' <Latency = 0> <II = 1> <Delay = 1.00> <Adapter> <Opcode : 'read' 'write' 'readreq' 'writereq' 'writeresp'>
ST_33 : Operation 110 [1/1] (0.00ns)   --->   "%br_ln100 = br void %for.inc182" [HLS_Convolution/sources/conv2d.c:100]   --->   Operation 110 'br' 'br_ln100' <Predicate = true> <Delay = 0.00>


============================================================
+ Verbose Summary: Binding
============================================================
STG Binding: 
---------------- STG Properties BEGIN ----------------
- Is combinational: 0
- Is one-state seq: 0
- Is datapath-only: 0
- Is pipelined: 0
- Is top level: 0
Port [ Return ] is wired: 1; IO mode=ap_ctrl_hs:ce=0
Port [ gmem1]:  wired=1; compound=1; hidden=0; nouse=0; global=0; static=0; extern=0; dir=1; type=4; pingpong=0; private_global=0; IO mode=m_axi:ce=0
Port [ out_image]:  wired=1; compound=0; hidden=0; nouse=0; global=0; static=0; extern=0; dir=0; type=0; pingpong=0; private_global=0; IO mode=ap_none:ce=0
Port [ out_image_sobel]:  wired=1; compound=1; hidden=0; nouse=0; global=0; static=0; extern=0; dir=0; type=1; pingpong=0; private_global=0; MemPort=[13]; IO mode=ap_memory:ce=0
Port [ zext_ln98]:  wired=1; compound=0; hidden=0; nouse=0; global=0; static=0; extern=0; dir=0; type=0; pingpong=0; private_global=0; IO mode=ap_none:ce=0
---------------- STG Properties END ------------------

---------------- Datapath Model BEGIN ----------------

<LifeTime>
<method=bitvector/>
col                   (alloca           ) [ 0110000000000000000000000000000000]
row                   (alloca           ) [ 0110000000000000000000000000000000]
indvar_flatten27      (alloca           ) [ 0100000000000000000000000000000000]
zext_ln98_read        (read             ) [ 0000000000000000000000000000000000]
out_image_read        (read             ) [ 0111111111111111111111111111111111]
zext_ln98_cast        (zext             ) [ 0111111111111111111111111111111110]
specinterface_ln0     (specinterface    ) [ 0000000000000000000000000000000000]
store_ln0             (store            ) [ 0000000000000000000000000000000000]
store_ln98            (store            ) [ 0000000000000000000000000000000000]
store_ln100           (store            ) [ 0000000000000000000000000000000000]
br_ln0                (br               ) [ 0000000000000000000000000000000000]
indvar_flatten27_load (load             ) [ 0000000000000000000000000000000000]
specbitsmap_ln0       (specbitsmap      ) [ 0000000000000000000000000000000000]
icmp_ln98             (icmp             ) [ 0111111111111111111111111111111110]
add_ln98_1            (add              ) [ 0000000000000000000000000000000000]
br_ln98               (br               ) [ 0000000000000000000000000000000000]
col_load              (load             ) [ 0000000000000000000000000000000000]
icmp_ln100            (icmp             ) [ 0110000000000000000000000000000000]
select_ln98           (select           ) [ 0111000000000000000000000000000000]
store_ln98            (store            ) [ 0000000000000000000000000000000000]
row_load              (load             ) [ 0000000000000000000000000000000000]
add_ln98              (add              ) [ 0000000000000000000000000000000000]
select_ln98_1         (select           ) [ 0101000000000000000000000000000000]
add_ln100             (add              ) [ 0000000000000000000000000000000000]
store_ln98            (store            ) [ 0000000000000000000000000000000000]
store_ln100           (store            ) [ 0000000000000000000000000000000000]
p_shl8                (bitconcatenate   ) [ 0000000000000000000000000000000000]
tmp                   (bitconcatenate   ) [ 0000000000000000000000000000000000]
zext_ln102            (zext             ) [ 0000000000000000000000000000000000]
sub_ln102             (sub              ) [ 0000000000000000000000000000000000]
zext_ln102_1          (zext             ) [ 0000000000000000000000000000000000]
add_ln102             (add              ) [ 0100100000000000000000000000000000]
zext_ln102_2          (zext             ) [ 0000000000000000000000000000000000]
out_image_sobel_addr  (getelementptr    ) [ 0100010000000000000000000000000000]
out_image_sobel_load  (load             ) [ 0000000000000000000000000000000000]
sext_ln102            (sext             ) [ 0000000000000000000000000000000000]
zext_ln102_3          (zext             ) [ 0000000000000000000000000000000000]
tmp_1                 (bitconcatenate   ) [ 0000000000000000000000000000000000]
sext_ln102_1          (sext             ) [ 0000000000000000000000000000000000]
sub_ln102_1           (sub              ) [ 0100001111111111111111111111111110]
udiv_ln102            (udiv             ) [ 0100000000000000000000000000000001]
gmem1_addr            (getelementptr    ) [ 0000000000000000000000000000000000]
specloopname_ln0      (specloopname     ) [ 0000000000000000000000000000000000]
speclooptripcount_ln0 (speclooptripcount) [ 0000000000000000000000000000000000]
specpipeline_ln100    (specpipeline     ) [ 0000000000000000000000000000000000]
trunc_ln102           (trunc            ) [ 0000000000000000000000000000000000]
write_ln102           (write            ) [ 0000000000000000000000000000000000]
br_ln100              (br               ) [ 0000000000000000000000000000000000]
ret_ln0               (ret              ) [ 0000000000000000000000000000000000]
</LifeTime>

<model>

<comp_list>
<comp id="0" class="1000" name="gmem1">
<pin_list>
<pin id="1" dir="1" index="0" bw="1" slack="0"/>
</pin_list>
<bind>
<StgValue><ssdm name="gmem1"/></StgValue>
</bind>
</comp>

<comp id="2" class="1000" name="out_image">
<pin_list>
<pin id="3" dir="1" index="0" bw="1" slack="0"/>
</pin_list>
<bind>
<StgValue><ssdm name="out_image"/></StgValue>
</bind>
</comp>

<comp id="4" class="1000" name="out_image_sobel">
<pin_list>
<pin id="5" dir="1" index="0" bw="1" slack="0"/>
</pin_list>
<bind>
<StgValue><ssdm name="out_image_sobel"/><MemPortTyVec>1 3 </MemPortTyVec>
</StgValue>
</bind>
</comp>

<comp id="6" class="1000" name="zext_ln98">
<pin_list>
<pin id="7" dir="1" index="0" bw="1" slack="0"/>
</pin_list>
<bind>
<StgValue><ssdm name="zext_ln98"/></StgValue>
</bind>
</comp>

<comp id="8" class="1001" name="const_8">
<pin_list>
<pin id="9" dir="1" index="0" bw="1" slack="0"/>
</pin_list>
<bind>
<StgValue><ssdm name=""/></StgValue>
</bind>
</comp>

<comp id="10" class="1001" name="const_10">
<pin_list>
<pin id="11" dir="1" index="0" bw="1" slack="0"/>
</pin_list>
<bind>
<StgValue><ssdm name="_ssdm_op_Read.ap_auto.i16"/></StgValue>
</bind>
</comp>

<comp id="12" class="1001" name="const_12">
<pin_list>
<pin id="13" dir="1" index="0" bw="1" slack="0"/>
</pin_list>
<bind>
<StgValue><ssdm name="_ssdm_op_Read.ap_auto.i64"/></StgValue>
</bind>
</comp>

<comp id="14" class="1001" name="const_14">
<pin_list>
<pin id="15" dir="1" index="0" bw="1" slack="2147483647"/>
</pin_list>
<bind>
<StgValue><ssdm name="_ssdm_op_SpecInterface"/></StgValue>
</bind>
</comp>

<comp id="16" class="1001" name="const_16">
<pin_list>
<pin id="17" dir="1" index="0" bw="1" slack="2147483647"/>
</pin_list>
<bind>
<StgValue><ssdm name="empty"/></StgValue>
</bind>
</comp>

<comp id="18" class="1001" name="const_18">
<pin_list>
<pin id="19" dir="1" index="0" bw="1" slack="2147483647"/>
</pin_list>
<bind>
<StgValue><ssdm name=""/></StgValue>
</bind>
</comp>

<comp id="20" class="1001" name="const_20">
<pin_list>
<pin id="21" dir="1" index="0" bw="1" slack="2147483647"/>
</pin_list>
<bind>
<StgValue><ssdm name="empty_0"/></StgValue>
</bind>
</comp>

<comp id="22" class="1001" name="const_22">
<pin_list>
<pin id="23" dir="1" index="0" bw="1" slack="2147483647"/>
</pin_list>
<bind>
<StgValue><ssdm name="empty_3"/></StgValue>
</bind>
</comp>

<comp id="24" class="1001" name="const_24">
<pin_list>
<pin id="25" dir="1" index="0" bw="1" slack="2147483647"/>
</pin_list>
<bind>
<StgValue><ssdm name="empty_2"/></StgValue>
</bind>
</comp>

<comp id="26" class="1001" name="const_26">
<pin_list>
<pin id="27" dir="1" index="0" bw="1" slack="2147483647"/>
</pin_list>
<bind>
<StgValue><ssdm name=""/></StgValue>
</bind>
</comp>

<comp id="28" class="1001" name="const_28">
<pin_list>
<pin id="29" dir="1" index="0" bw="1" slack="2147483647"/>
</pin_list>
<bind>
<StgValue><ssdm name=""/></StgValue>
</bind>
</comp>

<comp id="30" class="1001" name="const_30">
<pin_list>
<pin id="31" dir="1" index="0" bw="1" slack="0"/>
</pin_list>
<bind>
<StgValue><ssdm name=""/></StgValue>
</bind>
</comp>

<comp id="32" class="1001" name="const_32">
<pin_list>
<pin id="33" dir="1" index="0" bw="1" slack="0"/>
</pin_list>
<bind>
<StgValue><ssdm name=""/></StgValue>
</bind>
</comp>

<comp id="34" class="1001" name="const_34">
<pin_list>
<pin id="35" dir="1" index="0" bw="1" slack="2147483647"/>
</pin_list>
<bind>
<StgValue><ssdm name="_ssdm_op_SpecBitsMap"/></StgValue>
</bind>
</comp>

<comp id="36" class="1001" name="const_36">
<pin_list>
<pin id="37" dir="1" index="0" bw="1" slack="0"/>
</pin_list>
<bind>
<StgValue><ssdm name=""/></StgValue>
</bind>
</comp>

<comp id="38" class="1001" name="const_38">
<pin_list>
<pin id="39" dir="1" index="0" bw="1" slack="0"/>
</pin_list>
<bind>
<StgValue><ssdm name=""/></StgValue>
</bind>
</comp>

<comp id="40" class="1001" name="const_40">
<pin_list>
<pin id="41" dir="1" index="0" bw="1" slack="0"/>
</pin_list>
<bind>
<StgValue><ssdm name=""/></StgValue>
</bind>
</comp>

<comp id="42" class="1001" name="const_42">
<pin_list>
<pin id="43" dir="1" index="0" bw="1" slack="0"/>
</pin_list>
<bind>
<StgValue><ssdm name=""/></StgValue>
</bind>
</comp>

<comp id="44" class="1001" name="const_44">
<pin_list>
<pin id="45" dir="1" index="0" bw="1" slack="0"/>
</pin_list>
<bind>
<StgValue><ssdm name="_ssdm_op_BitConcatenate.i14.i7.i7"/></StgValue>
</bind>
</comp>

<comp id="46" class="1001" name="const_46">
<pin_list>
<pin id="47" dir="1" index="0" bw="1" slack="0"/>
</pin_list>
<bind>
<StgValue><ssdm name="_ssdm_op_BitConcatenate.i8.i7.i1"/></StgValue>
</bind>
</comp>

<comp id="48" class="1001" name="const_48">
<pin_list>
<pin id="49" dir="1" index="0" bw="1" slack="0"/>
</pin_list>
<bind>
<StgValue><ssdm name=""/></StgValue>
</bind>
</comp>

<comp id="50" class="1001" name="const_50">
<pin_list>
<pin id="51" dir="1" index="0" bw="1" slack="0"/>
</pin_list>
<bind>
<StgValue><ssdm name=""/></StgValue>
</bind>
</comp>

<comp id="52" class="1001" name="const_52">
<pin_list>
<pin id="53" dir="1" index="0" bw="1" slack="0"/>
</pin_list>
<bind>
<StgValue><ssdm name="_ssdm_op_BitConcatenate.i21.i13.i8"/></StgValue>
</bind>
</comp>

<comp id="54" class="1001" name="const_54">
<pin_list>
<pin id="55" dir="1" index="0" bw="1" slack="0"/>
</pin_list>
<bind>
<StgValue><ssdm name=""/></StgValue>
</bind>
</comp>

<comp id="56" class="1001" name="const_56">
<pin_list>
<pin id="57" dir="1" index="0" bw="1" slack="2147483647"/>
</pin_list>
<bind>
<StgValue><ssdm name="_ssdm_op_SpecLoopName"/></StgValue>
</bind>
</comp>

<comp id="58" class="1001" name="const_58">
<pin_list>
<pin id="59" dir="1" index="0" bw="1" slack="2147483647"/>
</pin_list>
<bind>
<StgValue><ssdm name="VITIS_LOOP_98_13_VITIS_LOOP_100_14_str"/></StgValue>
</bind>
</comp>

<comp id="60" class="1001" name="const_60">
<pin_list>
<pin id="61" dir="1" index="0" bw="1" slack="2147483647"/>
</pin_list>
<bind>
<StgValue><ssdm name="_ssdm_op_SpecLoopTripCount"/></StgValue>
</bind>
</comp>

<comp id="62" class="1001" name="const_62">
<pin_list>
<pin id="63" dir="1" index="0" bw="1" slack="2147483647"/>
</pin_list>
<bind>
<StgValue><ssdm name=""/></StgValue>
</bind>
</comp>

<comp id="64" class="1001" name="const_64">
<pin_list>
<pin id="65" dir="1" index="0" bw="1" slack="2147483647"/>
</pin_list>
<bind>
<StgValue><ssdm name="_ssdm_op_SpecPipeline"/></StgValue>
</bind>
</comp>

<comp id="66" class="1001" name="const_66">
<pin_list>
<pin id="67" dir="1" index="0" bw="1" slack="0"/>
</pin_list>
<bind>
<StgValue><ssdm name="_ssdm_op_Write.m_axi.p1i8"/></StgValue>
</bind>
</comp>

<comp id="68" class="1001" name="const_68">
<pin_list>
<pin id="69" dir="1" index="0" bw="1" slack="0"/>
</pin_list>
<bind>
<StgValue><ssdm name=""/></StgValue>
</bind>
</comp>

<comp id="70" class="1004" name="col_fu_70">
<pin_list>
<pin id="71" dir="0" index="0" bw="1" slack="0"/>
<pin id="72" dir="1" index="1" bw="7" slack="0"/>
</pin_list>
<bind>
<opcode="alloca(26) " fcode="alloca"/>
<opset="col/1 "/>
</bind>
</comp>

<comp id="74" class="1004" name="row_fu_74">
<pin_list>
<pin id="75" dir="0" index="0" bw="1" slack="0"/>
<pin id="76" dir="1" index="1" bw="7" slack="0"/>
</pin_list>
<bind>
<opcode="alloca(26) " fcode="alloca"/>
<opset="row/1 "/>
</bind>
</comp>

<comp id="78" class="1004" name="indvar_flatten27_fu_78">
<pin_list>
<pin id="79" dir="0" index="0" bw="1" slack="0"/>
<pin id="80" dir="1" index="1" bw="14" slack="0"/>
</pin_list>
<bind>
<opcode="alloca(26) " fcode="alloca"/>
<opset="indvar_flatten27/1 "/>
</bind>
</comp>

<comp id="82" class="1004" name="zext_ln98_read_read_fu_82">
<pin_list>
<pin id="83" dir="0" index="0" bw="16" slack="0"/>
<pin id="84" dir="0" index="1" bw="16" slack="0"/>
<pin id="85" dir="1" index="2" bw="16" slack="0"/>
</pin_list>
<bind>
<opcode="read(1150) " fcode="read"/>
<opset="zext_ln98_read/1 "/>
</bind>
</comp>

<comp id="88" class="1004" name="out_image_read_read_fu_88">
<pin_list>
<pin id="89" dir="0" index="0" bw="64" slack="0"/>
<pin id="90" dir="0" index="1" bw="64" slack="0"/>
<pin id="91" dir="1" index="2" bw="64" slack="32"/>
</pin_list>
<bind>
<opcode="read(1150) " fcode="read"/>
<opset="out_image_read/1 "/>
</bind>
</comp>

<comp id="94" class="1004" name="write_ln102_write_fu_94">
<pin_list>
<pin id="95" dir="0" index="0" bw="0" slack="0"/>
<pin id="96" dir="0" index="1" bw="8" slack="0"/>
<pin id="97" dir="0" index="2" bw="8" slack="0"/>
<pin id="98" dir="0" index="3" bw="1" slack="0"/>
<pin id="99" dir="1" index="4" bw="0" slack="2147483647"/>
</pin_list>
<bind>
<opcode="write(1151) " fcode="write"/>
<opset="write_ln102/33 "/>
</bind>
</comp>

<comp id="102" class="1004" name="out_image_sobel_addr_gep_fu_102">
<pin_list>
<pin id="103" dir="0" index="0" bw="13" slack="0"/>
<pin id="104" dir="0" index="1" bw="1" slack="0"/>
<pin id="105" dir="0" index="2" bw="14" slack="0"/>
<pin id="106" dir="1" index="3" bw="14" slack="0"/>
</pin_list>
<bind>
<opcode="getelementptr(29) " fcode="getelementptr"/>
<opset="out_image_sobel_addr/4 "/>
</bind>
</comp>

<comp id="109" class="1004" name="grp_access_fu_109">
<pin_list>
<pin id="110" dir="0" index="0" bw="14" slack="0"/>
<pin id="111" dir="0" index="1" bw="13" slack="2147483647"/>
<pin id="112" dir="0" index="2" bw="0" slack="2147483647"/>
<pin id="113" dir="1" index="3" bw="13" slack="0"/>
</pin_list>
<bind>
<opcode="load(27) " fcode="load"/>
<opset="out_image_sobel_load/4 "/>
</bind>
</comp>

<comp id="115" class="1004" name="zext_ln98_cast_fu_115">
<pin_list>
<pin id="116" dir="0" index="0" bw="16" slack="0"/>
<pin id="117" dir="1" index="1" bw="24" slack="5"/>
</pin_list>
<bind>
<opcode="zext(34) " fcode="zext"/>
<opset="zext_ln98_cast/1 "/>
</bind>
</comp>

<comp id="119" class="1004" name="store_ln0_store_fu_119">
<pin_list>
<pin id="120" dir="0" index="0" bw="1" slack="0"/>
<pin id="121" dir="0" index="1" bw="14" slack="0"/>
<pin id="122" dir="1" index="2" bw="0" slack="2147483647"/>
</pin_list>
<bind>
<opcode="store(28) " fcode="store"/>
<opset="store_ln0/1 "/>
</bind>
</comp>

<comp id="124" class="1004" name="store_ln98_store_fu_124">
<pin_list>
<pin id="125" dir="0" index="0" bw="1" slack="0"/>
<pin id="126" dir="0" index="1" bw="7" slack="0"/>
<pin id="127" dir="1" index="2" bw="0" slack="2147483647"/>
</pin_list>
<bind>
<opcode="store(28) " fcode="store"/>
<opset="store_ln98/1 "/>
</bind>
</comp>

<comp id="129" class="1004" name="store_ln100_store_fu_129">
<pin_list>
<pin id="130" dir="0" index="0" bw="1" slack="0"/>
<pin id="131" dir="0" index="1" bw="7" slack="0"/>
<pin id="132" dir="1" index="2" bw="0" slack="2147483647"/>
</pin_list>
<bind>
<opcode="store(28) " fcode="store"/>
<opset="store_ln100/1 "/>
</bind>
</comp>

<comp id="134" class="1004" name="indvar_flatten27_load_load_fu_134">
<pin_list>
<pin id="135" dir="0" index="0" bw="14" slack="0"/>
<pin id="136" dir="1" index="1" bw="14" slack="0"/>
</pin_list>
<bind>
<opcode="load(27) " fcode="load"/>
<opset="indvar_flatten27_load/1 "/>
</bind>
</comp>

<comp id="137" class="1004" name="icmp_ln98_fu_137">
<pin_list>
<pin id="138" dir="0" index="0" bw="14" slack="0"/>
<pin id="139" dir="0" index="1" bw="10" slack="0"/>
<pin id="140" dir="1" index="2" bw="1" slack="31"/>
</pin_list>
<bind>
<opcode="icmp(45) " fcode="icmp"/>
<opset="icmp_ln98/1 "/>
</bind>
</comp>

<comp id="143" class="1004" name="add_ln98_1_fu_143">
<pin_list>
<pin id="144" dir="0" index="0" bw="14" slack="0"/>
<pin id="145" dir="0" index="1" bw="1" slack="0"/>
<pin id="146" dir="1" index="2" bw="14" slack="0"/>
</pin_list>
<bind>
<opcode="add(8) " fcode="add"/>
<opset="add_ln98_1/1 "/>
</bind>
</comp>

<comp id="149" class="1004" name="col_load_load_fu_149">
<pin_list>
<pin id="150" dir="0" index="0" bw="7" slack="0"/>
<pin id="151" dir="1" index="1" bw="7" slack="0"/>
</pin_list>
<bind>
<opcode="load(27) " fcode="load"/>
<opset="col_load/1 "/>
</bind>
</comp>

<comp id="152" class="1004" name="icmp_ln100_fu_152">
<pin_list>
<pin id="153" dir="0" index="0" bw="7" slack="0"/>
<pin id="154" dir="0" index="1" bw="2" slack="0"/>
<pin id="155" dir="1" index="2" bw="1" slack="0"/>
</pin_list>
<bind>
<opcode="icmp(45) " fcode="icmp"/>
<opset="icmp_ln100/1 "/>
</bind>
</comp>

<comp id="158" class="1004" name="select_ln98_fu_158">
<pin_list>
<pin id="159" dir="0" index="0" bw="1" slack="0"/>
<pin id="160" dir="0" index="1" bw="1" slack="0"/>
<pin id="161" dir="0" index="2" bw="7" slack="0"/>
<pin id="162" dir="1" index="3" bw="7" slack="1"/>
</pin_list>
<bind>
<opcode="select(49) " fcode="select"/>
<opset="select_ln98/1 "/>
</bind>
</comp>

<comp id="166" class="1004" name="store_ln98_store_fu_166">
<pin_list>
<pin id="167" dir="0" index="0" bw="14" slack="0"/>
<pin id="168" dir="0" index="1" bw="14" slack="0"/>
<pin id="169" dir="1" index="2" bw="0" slack="2147483647"/>
</pin_list>
<bind>
<opcode="store(28) " fcode="store"/>
<opset="store_ln98/1 "/>
</bind>
</comp>

<comp id="171" class="1004" name="row_load_load_fu_171">
<pin_list>
<pin id="172" dir="0" index="0" bw="7" slack="1"/>
<pin id="173" dir="1" index="1" bw="7" slack="0"/>
</pin_list>
<bind>
<opcode="load(27) " fcode="load"/>
<opset="row_load/2 "/>
</bind>
</comp>

<comp id="174" class="1004" name="add_ln98_fu_174">
<pin_list>
<pin id="175" dir="0" index="0" bw="7" slack="0"/>
<pin id="176" dir="0" index="1" bw="1" slack="0"/>
<pin id="177" dir="1" index="2" bw="7" slack="0"/>
</pin_list>
<bind>
<opcode="add(8) " fcode="add"/>
<opset="add_ln98/2 "/>
</bind>
</comp>

<comp id="180" class="1004" name="select_ln98_1_fu_180">
<pin_list>
<pin id="181" dir="0" index="0" bw="1" slack="1"/>
<pin id="182" dir="0" index="1" bw="7" slack="0"/>
<pin id="183" dir="0" index="2" bw="7" slack="0"/>
<pin id="184" dir="1" index="3" bw="7" slack="0"/>
</pin_list>
<bind>
<opcode="select(49) " fcode="select"/>
<opset="select_ln98_1/2 "/>
</bind>
</comp>

<comp id="187" class="1004" name="add_ln100_fu_187">
<pin_list>
<pin id="188" dir="0" index="0" bw="7" slack="1"/>
<pin id="189" dir="0" index="1" bw="1" slack="0"/>
<pin id="190" dir="1" index="2" bw="7" slack="0"/>
</pin_list>
<bind>
<opcode="add(8) " fcode="add"/>
<opset="add_ln100/2 "/>
</bind>
</comp>

<comp id="192" class="1004" name="store_ln98_store_fu_192">
<pin_list>
<pin id="193" dir="0" index="0" bw="7" slack="0"/>
<pin id="194" dir="0" index="1" bw="7" slack="1"/>
<pin id="195" dir="1" index="2" bw="0" slack="2147483647"/>
</pin_list>
<bind>
<opcode="store(28) " fcode="store"/>
<opset="store_ln98/2 "/>
</bind>
</comp>

<comp id="197" class="1004" name="store_ln100_store_fu_197">
<pin_list>
<pin id="198" dir="0" index="0" bw="7" slack="0"/>
<pin id="199" dir="0" index="1" bw="7" slack="1"/>
<pin id="200" dir="1" index="2" bw="0" slack="2147483647"/>
</pin_list>
<bind>
<opcode="store(28) " fcode="store"/>
<opset="store_ln100/2 "/>
</bind>
</comp>

<comp id="202" class="1004" name="p_shl8_fu_202">
<pin_list>
<pin id="203" dir="0" index="0" bw="14" slack="0"/>
<pin id="204" dir="0" index="1" bw="7" slack="1"/>
<pin id="205" dir="0" index="2" bw="1" slack="0"/>
<pin id="206" dir="1" index="3" bw="14" slack="0"/>
</pin_list>
<bind>
<opcode="bitconcatenate(1004) " fcode="bitconcatenate"/>
<opset="p_shl8/3 "/>
</bind>
</comp>

<comp id="209" class="1004" name="tmp_fu_209">
<pin_list>
<pin id="210" dir="0" index="0" bw="8" slack="0"/>
<pin id="211" dir="0" index="1" bw="7" slack="1"/>
<pin id="212" dir="0" index="2" bw="1" slack="0"/>
<pin id="213" dir="1" index="3" bw="8" slack="0"/>
</pin_list>
<bind>
<opcode="bitconcatenate(1004) " fcode="bitconcatenate"/>
<opset="tmp/3 "/>
</bind>
</comp>

<comp id="216" class="1004" name="zext_ln102_fu_216">
<pin_list>
<pin id="217" dir="0" index="0" bw="8" slack="0"/>
<pin id="218" dir="1" index="1" bw="14" slack="0"/>
</pin_list>
<bind>
<opcode="zext(34) " fcode="zext"/>
<opset="zext_ln102/3 "/>
</bind>
</comp>

<comp id="220" class="1004" name="sub_ln102_fu_220">
<pin_list>
<pin id="221" dir="0" index="0" bw="14" slack="0"/>
<pin id="222" dir="0" index="1" bw="8" slack="0"/>
<pin id="223" dir="1" index="2" bw="14" slack="0"/>
</pin_list>
<bind>
<opcode="sub(10) " fcode="sub"/>
<opset="sub_ln102/3 "/>
</bind>
</comp>

<comp id="226" class="1004" name="zext_ln102_1_fu_226">
<pin_list>
<pin id="227" dir="0" index="0" bw="7" slack="2"/>
<pin id="228" dir="1" index="1" bw="14" slack="0"/>
</pin_list>
<bind>
<opcode="zext(34) " fcode="zext"/>
<opset="zext_ln102_1/3 "/>
</bind>
</comp>

<comp id="229" class="1004" name="add_ln102_fu_229">
<pin_list>
<pin id="230" dir="0" index="0" bw="14" slack="0"/>
<pin id="231" dir="0" index="1" bw="7" slack="0"/>
<pin id="232" dir="1" index="2" bw="14" slack="1"/>
</pin_list>
<bind>
<opcode="add(8) " fcode="add"/>
<opset="add_ln102/3 "/>
</bind>
</comp>

<comp id="235" class="1004" name="zext_ln102_2_fu_235">
<pin_list>
<pin id="236" dir="0" index="0" bw="14" slack="1"/>
<pin id="237" dir="1" index="1" bw="64" slack="0"/>
</pin_list>
<bind>
<opcode="zext(34) " fcode="zext"/>
<opset="zext_ln102_2/4 "/>
</bind>
</comp>

<comp id="239" class="1004" name="sext_ln102_fu_239">
<pin_list>
<pin id="240" dir="0" index="0" bw="13" slack="0"/>
<pin id="241" dir="1" index="1" bw="16" slack="0"/>
</pin_list>
<bind>
<opcode="sext(35) " fcode="sext"/>
<opset="sext_ln102/5 "/>
</bind>
</comp>

<comp id="243" class="1004" name="zext_ln102_3_fu_243">
<pin_list>
<pin id="244" dir="0" index="0" bw="13" slack="0"/>
<pin id="245" dir="1" index="1" bw="24" slack="0"/>
</pin_list>
<bind>
<opcode="zext(34) " fcode="zext"/>
<opset="zext_ln102_3/5 "/>
</bind>
</comp>

<comp id="247" class="1004" name="tmp_1_fu_247">
<pin_list>
<pin id="248" dir="0" index="0" bw="21" slack="0"/>
<pin id="249" dir="0" index="1" bw="13" slack="0"/>
<pin id="250" dir="0" index="2" bw="1" slack="0"/>
<pin id="251" dir="1" index="3" bw="21" slack="0"/>
</pin_list>
<bind>
<opcode="bitconcatenate(1004) " fcode="bitconcatenate"/>
<opset="tmp_1/5 "/>
</bind>
</comp>

<comp id="255" class="1004" name="sext_ln102_1_fu_255">
<pin_list>
<pin id="256" dir="0" index="0" bw="21" slack="0"/>
<pin id="257" dir="1" index="1" bw="24" slack="0"/>
</pin_list>
<bind>
<opcode="sext(35) " fcode="sext"/>
<opset="sext_ln102_1/5 "/>
</bind>
</comp>

<comp id="259" class="1004" name="sub_ln102_1_fu_259">
<pin_list>
<pin id="260" dir="0" index="0" bw="21" slack="0"/>
<pin id="261" dir="0" index="1" bw="16" slack="0"/>
<pin id="262" dir="1" index="2" bw="24" slack="1"/>
</pin_list>
<bind>
<opcode="sub(10) " fcode="sub"/>
<opset="sub_ln102_1/5 "/>
</bind>
</comp>

<comp id="265" class="1004" name="grp_fu_265">
<pin_list>
<pin id="266" dir="0" index="0" bw="23" slack="1"/>
<pin id="267" dir="0" index="1" bw="16" slack="5"/>
<pin id="268" dir="1" index="2" bw="8" slack="1"/>
</pin_list>
<bind>
<opcode="udiv(14) " fcode="udiv"/>
<opset="udiv_ln102/6 "/>
</bind>
</comp>

<comp id="269" class="1004" name="gmem1_addr_fu_269">
<pin_list>
<pin id="270" dir="0" index="0" bw="8" slack="0"/>
<pin id="271" dir="0" index="1" bw="64" slack="32"/>
<pin id="272" dir="1" index="2" bw="8" slack="0"/>
</pin_list>
<bind>
<opcode="getelementptr(29) " fcode="getelementptr"/>
<opset="gmem1_addr/33 "/>
</bind>
</comp>

<comp id="275" class="1004" name="trunc_ln102_fu_275">
<pin_list>
<pin id="276" dir="0" index="0" bw="8" slack="1"/>
<pin id="277" dir="1" index="1" bw="8" slack="0"/>
</pin_list>
<bind>
<opcode="trunc(33) " fcode="trunc"/>
<opset="trunc_ln102/33 "/>
</bind>
</comp>

<comp id="279" class="1005" name="col_reg_279">
<pin_list>
<pin id="280" dir="0" index="0" bw="7" slack="0"/>
<pin id="281" dir="1" index="1" bw="7" slack="0"/>
</pin_list>
<bind>
<opset="col "/>
</bind>
</comp>

<comp id="286" class="1005" name="row_reg_286">
<pin_list>
<pin id="287" dir="0" index="0" bw="7" slack="0"/>
<pin id="288" dir="1" index="1" bw="7" slack="0"/>
</pin_list>
<bind>
<opset="row "/>
</bind>
</comp>

<comp id="293" class="1005" name="indvar_flatten27_reg_293">
<pin_list>
<pin id="294" dir="0" index="0" bw="14" slack="0"/>
<pin id="295" dir="1" index="1" bw="14" slack="0"/>
</pin_list>
<bind>
<opset="indvar_flatten27 "/>
</bind>
</comp>

<comp id="300" class="1005" name="out_image_read_reg_300">
<pin_list>
<pin id="301" dir="0" index="0" bw="64" slack="32"/>
<pin id="302" dir="1" index="1" bw="64" slack="32"/>
</pin_list>
<bind>
<opset="out_image_read "/>
</bind>
</comp>

<comp id="305" class="1005" name="zext_ln98_cast_reg_305">
<pin_list>
<pin id="306" dir="0" index="0" bw="24" slack="5"/>
<pin id="307" dir="1" index="1" bw="24" slack="5"/>
</pin_list>
<bind>
<opset="zext_ln98_cast "/>
</bind>
</comp>

<comp id="310" class="1005" name="icmp_ln98_reg_310">
<pin_list>
<pin id="311" dir="0" index="0" bw="1" slack="31"/>
<pin id="312" dir="1" index="1" bw="1" slack="2147483647"/>
</pin_list>
<bind>
<opset="icmp_ln98 "/>
</bind>
</comp>

<comp id="314" class="1005" name="icmp_ln100_reg_314">
<pin_list>
<pin id="315" dir="0" index="0" bw="1" slack="1"/>
<pin id="316" dir="1" index="1" bw="1" slack="1"/>
</pin_list>
<bind>
<opset="icmp_ln100 "/>
</bind>
</comp>

<comp id="319" class="1005" name="select_ln98_reg_319">
<pin_list>
<pin id="320" dir="0" index="0" bw="7" slack="1"/>
<pin id="321" dir="1" index="1" bw="7" slack="1"/>
</pin_list>
<bind>
<opset="select_ln98 "/>
</bind>
</comp>

<comp id="325" class="1005" name="select_ln98_1_reg_325">
<pin_list>
<pin id="326" dir="0" index="0" bw="7" slack="1"/>
<pin id="327" dir="1" index="1" bw="7" slack="1"/>
</pin_list>
<bind>
<opset="select_ln98_1 "/>
</bind>
</comp>

<comp id="331" class="1005" name="add_ln102_reg_331">
<pin_list>
<pin id="332" dir="0" index="0" bw="14" slack="1"/>
<pin id="333" dir="1" index="1" bw="14" slack="1"/>
</pin_list>
<bind>
<opset="add_ln102 "/>
</bind>
</comp>

<comp id="336" class="1005" name="out_image_sobel_addr_reg_336">
<pin_list>
<pin id="337" dir="0" index="0" bw="14" slack="1"/>
<pin id="338" dir="1" index="1" bw="14" slack="1"/>
</pin_list>
<bind>
<opset="out_image_sobel_addr "/>
</bind>
</comp>

<comp id="341" class="1005" name="sub_ln102_1_reg_341">
<pin_list>
<pin id="342" dir="0" index="0" bw="24" slack="1"/>
<pin id="343" dir="1" index="1" bw="24" slack="1"/>
</pin_list>
<bind>
<opset="sub_ln102_1 "/>
</bind>
</comp>

<comp id="346" class="1005" name="udiv_ln102_reg_346">
<pin_list>
<pin id="347" dir="0" index="0" bw="8" slack="1"/>
<pin id="348" dir="1" index="1" bw="8" slack="1"/>
</pin_list>
<bind>
<opset="udiv_ln102 "/>
</bind>
</comp>

</comp_list>

<net_list>
<net id="73"><net_src comp="8" pin="0"/><net_sink comp="70" pin=0"/></net>

<net id="77"><net_src comp="8" pin="0"/><net_sink comp="74" pin=0"/></net>

<net id="81"><net_src comp="8" pin="0"/><net_sink comp="78" pin=0"/></net>

<net id="86"><net_src comp="10" pin="0"/><net_sink comp="82" pin=0"/></net>

<net id="87"><net_src comp="6" pin="0"/><net_sink comp="82" pin=1"/></net>

<net id="92"><net_src comp="12" pin="0"/><net_sink comp="88" pin=0"/></net>

<net id="93"><net_src comp="2" pin="0"/><net_sink comp="88" pin=1"/></net>

<net id="100"><net_src comp="66" pin="0"/><net_sink comp="94" pin=0"/></net>

<net id="101"><net_src comp="68" pin="0"/><net_sink comp="94" pin=3"/></net>

<net id="107"><net_src comp="4" pin="0"/><net_sink comp="102" pin=0"/></net>

<net id="108"><net_src comp="50" pin="0"/><net_sink comp="102" pin=1"/></net>

<net id="114"><net_src comp="102" pin="3"/><net_sink comp="109" pin=0"/></net>

<net id="118"><net_src comp="82" pin="2"/><net_sink comp="115" pin=0"/></net>

<net id="123"><net_src comp="30" pin="0"/><net_sink comp="119" pin=0"/></net>

<net id="128"><net_src comp="32" pin="0"/><net_sink comp="124" pin=0"/></net>

<net id="133"><net_src comp="32" pin="0"/><net_sink comp="129" pin=0"/></net>

<net id="141"><net_src comp="134" pin="1"/><net_sink comp="137" pin=0"/></net>

<net id="142"><net_src comp="36" pin="0"/><net_sink comp="137" pin=1"/></net>

<net id="147"><net_src comp="134" pin="1"/><net_sink comp="143" pin=0"/></net>

<net id="148"><net_src comp="38" pin="0"/><net_sink comp="143" pin=1"/></net>

<net id="156"><net_src comp="149" pin="1"/><net_sink comp="152" pin=0"/></net>

<net id="157"><net_src comp="40" pin="0"/><net_sink comp="152" pin=1"/></net>

<net id="163"><net_src comp="152" pin="2"/><net_sink comp="158" pin=0"/></net>

<net id="164"><net_src comp="32" pin="0"/><net_sink comp="158" pin=1"/></net>

<net id="165"><net_src comp="149" pin="1"/><net_sink comp="158" pin=2"/></net>

<net id="170"><net_src comp="143" pin="2"/><net_sink comp="166" pin=0"/></net>

<net id="178"><net_src comp="171" pin="1"/><net_sink comp="174" pin=0"/></net>

<net id="179"><net_src comp="42" pin="0"/><net_sink comp="174" pin=1"/></net>

<net id="185"><net_src comp="174" pin="2"/><net_sink comp="180" pin=1"/></net>

<net id="186"><net_src comp="171" pin="1"/><net_sink comp="180" pin=2"/></net>

<net id="191"><net_src comp="42" pin="0"/><net_sink comp="187" pin=1"/></net>

<net id="196"><net_src comp="180" pin="3"/><net_sink comp="192" pin=0"/></net>

<net id="201"><net_src comp="187" pin="2"/><net_sink comp="197" pin=0"/></net>

<net id="207"><net_src comp="44" pin="0"/><net_sink comp="202" pin=0"/></net>

<net id="208"><net_src comp="32" pin="0"/><net_sink comp="202" pin=2"/></net>

<net id="214"><net_src comp="46" pin="0"/><net_sink comp="209" pin=0"/></net>

<net id="215"><net_src comp="48" pin="0"/><net_sink comp="209" pin=2"/></net>

<net id="219"><net_src comp="209" pin="3"/><net_sink comp="216" pin=0"/></net>

<net id="224"><net_src comp="202" pin="3"/><net_sink comp="220" pin=0"/></net>

<net id="225"><net_src comp="216" pin="1"/><net_sink comp="220" pin=1"/></net>

<net id="233"><net_src comp="220" pin="2"/><net_sink comp="229" pin=0"/></net>

<net id="234"><net_src comp="226" pin="1"/><net_sink comp="229" pin=1"/></net>

<net id="238"><net_src comp="235" pin="1"/><net_sink comp="102" pin=2"/></net>

<net id="242"><net_src comp="109" pin="3"/><net_sink comp="239" pin=0"/></net>

<net id="246"><net_src comp="239" pin="1"/><net_sink comp="243" pin=0"/></net>

<net id="252"><net_src comp="52" pin="0"/><net_sink comp="247" pin=0"/></net>

<net id="253"><net_src comp="109" pin="3"/><net_sink comp="247" pin=1"/></net>

<net id="254"><net_src comp="54" pin="0"/><net_sink comp="247" pin=2"/></net>

<net id="258"><net_src comp="247" pin="3"/><net_sink comp="255" pin=0"/></net>

<net id="263"><net_src comp="255" pin="1"/><net_sink comp="259" pin=0"/></net>

<net id="264"><net_src comp="243" pin="1"/><net_sink comp="259" pin=1"/></net>

<net id="273"><net_src comp="0" pin="0"/><net_sink comp="269" pin=0"/></net>

<net id="274"><net_src comp="269" pin="2"/><net_sink comp="94" pin=1"/></net>

<net id="278"><net_src comp="275" pin="1"/><net_sink comp="94" pin=2"/></net>

<net id="282"><net_src comp="70" pin="1"/><net_sink comp="279" pin=0"/></net>

<net id="283"><net_src comp="279" pin="1"/><net_sink comp="129" pin=1"/></net>

<net id="284"><net_src comp="279" pin="1"/><net_sink comp="149" pin=0"/></net>

<net id="285"><net_src comp="279" pin="1"/><net_sink comp="197" pin=1"/></net>

<net id="289"><net_src comp="74" pin="1"/><net_sink comp="286" pin=0"/></net>

<net id="290"><net_src comp="286" pin="1"/><net_sink comp="124" pin=1"/></net>

<net id="291"><net_src comp="286" pin="1"/><net_sink comp="171" pin=0"/></net>

<net id="292"><net_src comp="286" pin="1"/><net_sink comp="192" pin=1"/></net>

<net id="296"><net_src comp="78" pin="1"/><net_sink comp="293" pin=0"/></net>

<net id="297"><net_src comp="293" pin="1"/><net_sink comp="119" pin=1"/></net>

<net id="298"><net_src comp="293" pin="1"/><net_sink comp="134" pin=0"/></net>

<net id="299"><net_src comp="293" pin="1"/><net_sink comp="166" pin=1"/></net>

<net id="303"><net_src comp="88" pin="2"/><net_sink comp="300" pin=0"/></net>

<net id="304"><net_src comp="300" pin="1"/><net_sink comp="269" pin=1"/></net>

<net id="308"><net_src comp="115" pin="1"/><net_sink comp="305" pin=0"/></net>

<net id="309"><net_src comp="305" pin="1"/><net_sink comp="265" pin=1"/></net>

<net id="313"><net_src comp="137" pin="2"/><net_sink comp="310" pin=0"/></net>

<net id="317"><net_src comp="152" pin="2"/><net_sink comp="314" pin=0"/></net>

<net id="318"><net_src comp="314" pin="1"/><net_sink comp="180" pin=0"/></net>

<net id="322"><net_src comp="158" pin="3"/><net_sink comp="319" pin=0"/></net>

<net id="323"><net_src comp="319" pin="1"/><net_sink comp="187" pin=0"/></net>

<net id="324"><net_src comp="319" pin="1"/><net_sink comp="226" pin=0"/></net>

<net id="328"><net_src comp="180" pin="3"/><net_sink comp="325" pin=0"/></net>

<net id="329"><net_src comp="325" pin="1"/><net_sink comp="202" pin=1"/></net>

<net id="330"><net_src comp="325" pin="1"/><net_sink comp="209" pin=1"/></net>

<net id="334"><net_src comp="229" pin="2"/><net_sink comp="331" pin=0"/></net>

<net id="335"><net_src comp="331" pin="1"/><net_sink comp="235" pin=0"/></net>

<net id="339"><net_src comp="102" pin="3"/><net_sink comp="336" pin=0"/></net>

<net id="340"><net_src comp="336" pin="1"/><net_sink comp="109" pin=0"/></net>

<net id="344"><net_src comp="259" pin="2"/><net_sink comp="341" pin=0"/></net>

<net id="345"><net_src comp="341" pin="1"/><net_sink comp="265" pin=0"/></net>

<net id="349"><net_src comp="265" pin="2"/><net_sink comp="346" pin=0"/></net>

<net id="350"><net_src comp="346" pin="1"/><net_sink comp="275" pin=0"/></net>

</net_list>

</model> 
---------------- Datapath Model END ------------------

* FSMD analyzer results:
  - Output states:
	Port: gmem1 | {33 }
 - Input state : 
	Port: conv2d_Pipeline_VITIS_LOOP_98_13_VITIS_LOOP_100_14 : out_image | {1 }
	Port: conv2d_Pipeline_VITIS_LOOP_98_13_VITIS_LOOP_100_14 : out_image_sobel | {4 5 }
	Port: conv2d_Pipeline_VITIS_LOOP_98_13_VITIS_LOOP_100_14 : zext_ln98 | {1 }
  - Chain level:
	State 1
		store_ln0 : 1
		store_ln98 : 1
		store_ln100 : 1
		indvar_flatten27_load : 1
		icmp_ln98 : 2
		add_ln98_1 : 2
		br_ln98 : 3
		col_load : 1
		icmp_ln100 : 2
		select_ln98 : 3
		store_ln98 : 3
	State 2
		add_ln98 : 1
		select_ln98_1 : 2
		store_ln98 : 3
		store_ln100 : 1
	State 3
		zext_ln102 : 1
		sub_ln102 : 2
		add_ln102 : 3
	State 4
		out_image_sobel_addr : 1
		out_image_sobel_load : 2
	State 5
		sext_ln102 : 1
		zext_ln102_3 : 2
		tmp_1 : 1
		sext_ln102_1 : 2
		sub_ln102_1 : 3
	State 6
	State 7
	State 8
	State 9
	State 10
	State 11
	State 12
	State 13
	State 14
	State 15
	State 16
	State 17
	State 18
	State 19
	State 20
	State 21
	State 22
	State 23
	State 24
	State 25
	State 26
	State 27
	State 28
	State 29
	State 30
	State 31
	State 32
	State 33
		write_ln102 : 1


============================================================
+ Verbose Summary: Datapath Resource usage 
============================================================

* Functional unit list:
|----------|---------------------------|---------|---------|
| Operation|      Functional Unit      |    FF   |   LUT   |
|----------|---------------------------|---------|---------|
|   udiv   |         grp_fu_265        |   1356  |   1034  |
|----------|---------------------------|---------|---------|
|          |     add_ln98_1_fu_143     |    0    |    17   |
|    add   |      add_ln98_fu_174      |    0    |    14   |
|          |      add_ln100_fu_187     |    0    |    14   |
|          |      add_ln102_fu_229     |    0    |    14   |
|----------|---------------------------|---------|---------|
|    sub   |      sub_ln102_fu_220     |    0    |    14   |
|          |     sub_ln102_1_fu_259    |    0    |    28   |
|----------|---------------------------|---------|---------|
|   icmp   |      icmp_ln98_fu_137     |    0    |    17   |
|          |     icmp_ln100_fu_152     |    0    |    14   |
|----------|---------------------------|---------|---------|
|  select  |     select_ln98_fu_158    |    0    |    7    |
|          |    select_ln98_1_fu_180   |    0    |    7    |
|----------|---------------------------|---------|---------|
|   read   | zext_ln98_read_read_fu_82 |    0    |    0    |
|          | out_image_read_read_fu_88 |    0    |    0    |
|----------|---------------------------|---------|---------|
|   write  |  write_ln102_write_fu_94  |    0    |    0    |
|----------|---------------------------|---------|---------|
|          |   zext_ln98_cast_fu_115   |    0    |    0    |
|          |     zext_ln102_fu_216     |    0    |    0    |
|   zext   |    zext_ln102_1_fu_226    |    0    |    0    |
|          |    zext_ln102_2_fu_235    |    0    |    0    |
|          |    zext_ln102_3_fu_243    |    0    |    0    |
|----------|---------------------------|---------|---------|
|          |       p_shl8_fu_202       |    0    |    0    |
|bitconcatenate|         tmp_fu_209        |    0    |    0    |
|          |        tmp_1_fu_247       |    0    |    0    |
|----------|---------------------------|---------|---------|
|   sext   |     sext_ln102_fu_239     |    0    |    0    |
|          |    sext_ln102_1_fu_255    |    0    |    0    |
|----------|---------------------------|---------|---------|
|   trunc  |     trunc_ln102_fu_275    |    0    |    0    |
|----------|---------------------------|---------|---------|
|   Total  |                           |   1356  |   1180  |
|----------|---------------------------|---------|---------|

Memories:
N/A

* Register list:
+----------------------------+--------+
|                            |   FF   |
+----------------------------+--------+
|      add_ln102_reg_331     |   14   |
|         col_reg_279        |    7   |
|     icmp_ln100_reg_314     |    1   |
|      icmp_ln98_reg_310     |    1   |
|  indvar_flatten27_reg_293  |   14   |
|   out_image_read_reg_300   |   64   |
|out_image_sobel_addr_reg_336|   14   |
|         row_reg_286        |    7   |
|    select_ln98_1_reg_325   |    7   |
|     select_ln98_reg_319    |    7   |
|     sub_ln102_1_reg_341    |   24   |
|     udiv_ln102_reg_346     |    8   |
|   zext_ln98_cast_reg_305   |   24   |
+----------------------------+--------+
|            Total           |   192  |
+----------------------------+--------+

* Multiplexer (MUX) list: 
|-------------------|------|------|------|--------||---------||---------||---------|
|        Comp       |  Pin | Size |  BW  | S x BW ||  Delay  ||    FF   ||   LUT   |
|-------------------|------|------|------|--------||---------||---------||---------|
| grp_access_fu_109 |  p0  |   2  |  14  |   28   ||    0    ||    9    |
|-------------------|------|------|------|--------||---------||---------||---------|
|       Total       |      |      |      |   28   ||  1.588  ||    0    ||    9    |
|-------------------|------|------|------|--------||---------||---------||---------|



* Summary:
+-----------+--------+--------+--------+
|           |  Delay |   FF   |   LUT  |
+-----------+--------+--------+--------+
|  Function |    -   |  1356  |  1180  |
|   Memory  |    -   |    -   |    -   |
|Multiplexer|    1   |    0   |    9   |
|  Register |    -   |   192  |    -   |
+-----------+--------+--------+--------+
|   Total   |    1   |  1548  |  1189  |
+-----------+--------+--------+--------+
