Copyright 1986-2022 Xilinx, Inc. All Rights Reserved. Copyright 2022-2024 Advanced Micro Devices, Inc. All Rights Reserved.
---------------------------------------------------------------------------------------------------------------------------------------------
| Tool Version : Vivado v.2024.1 (win64) Build 5076996 Wed May 22 18:37:14 MDT 2024
| Date         : Tue May 13 12:52:50 2025
| Host         : 5CD322B2FW running 64-bit major release  (build 9200)
| Command      : upgrade_ip
| Device       : xc7z020clg400-1
---------------------------------------------------------------------------------------------------------------------------------------------

Upgrade Log for IP 'design_1_conv2d_0_1'

1. Summary
----------

SUCCESS in the upgrade of design_1_conv2d_0_1 (xilinx.com:hls:conv2d:1.0) from (Rev. 2114080399) to (Rev. 2114081386)






Copyright 1986-2022 Xilinx, Inc. All Rights Reserved. Copyright 2022-2024 Advanced Micro Devices, Inc. All Rights Reserved.
---------------------------------------------------------------------------------------------------------------------------------------------
| Tool Version : Vivado v.2024.1 (win64) Build 5076996 Wed May 22 18:37:14 MDT 2024
| Date         : Mon May 12 20:20:35 2025
| Host         : 5CD322B2FW running 64-bit major release  (build 9200)
| Command      : upgrade_ip
| Device       : xc7z020clg400-1
---------------------------------------------------------------------------------------------------------------------------------------------

Upgrade Log for IP 'design_1_conv2d_0_1'

1. Summary
----------

CAUTION (success, with warnings) in the upgrade of design_1_conv2d_0_1 (xilinx.com:hls:conv2d:1.0) from (Rev. 2114080093) to (Rev. 2114080399)

After upgrade, an IP may have parameter and port differences compared to the original customization. Please review the parameters within the IP customization GUI to ensure proper functionality. Also, please review the updated IP instantiation template to ensure proper connectivity, and update your design if required.

2. Interface Information
------------------------

Detected external interface differences while upgrading 'design_1_conv2d_0_1'.


-Upgrade has removed interface 's_axi_control'


3. Connection Warnings
----------------------

Detected external port differences while upgrading 'design_1_conv2d_0_1'. These changes may impact your design.


-Upgraded port 's_axi_CTRL_ARADDR' width 6 differs from original width 4

-Upgraded port 's_axi_CTRL_AWADDR' width 6 differs from original width 4

-Upgrade has removed port 's_axi_control_ARADDR'

-Upgrade has removed port 's_axi_control_ARREADY'

-Upgrade has removed port 's_axi_control_ARVALID'

-Upgrade has removed port 's_axi_control_AWADDR'

-Upgrade has removed port 's_axi_control_AWREADY'

-Upgrade has removed port 's_axi_control_AWVALID'

-Upgrade has removed port 's_axi_control_BREADY'

-Upgrade has removed port 's_axi_control_BRESP'

-Upgrade has removed port 's_axi_control_BVALID'

-Upgrade has removed port 's_axi_control_RDATA'

-Upgrade has removed port 's_axi_control_RREADY'

-Upgrade has removed port 's_axi_control_RRESP'

-Upgrade has removed port 's_axi_control_RVALID'

-Upgrade has removed port 's_axi_control_WDATA'

-Upgrade has removed port 's_axi_control_WREADY'

-Upgrade has removed port 's_axi_control_WSTRB'

-Upgrade has removed port 's_axi_control_WVALID'


4. Addressing Information
-------------------------

Detected addressing differences while upgrading 'design_1_conv2d_0_1'. These changes may impact your design.


-Upgrade has removed address block 's_axi_control/Reg'


