================================================================
== Design Size Report
================================================================

* Total Instructions per Compilation Phase
+---------------+-----------------------------+--------------+----------------------------------------------------------------------------------------+
| Phase         | Step                        | Instructions | Description                                                                            |
+---------------+-----------------------------+--------------+----------------------------------------------------------------------------------------+
| Compile/Link  |                             | 260          | After all functions are compiled and linked into a single design                       |
|               |                             |              |                                                                                        |
| Unroll/Inline |                             |              | After user unroll and inline pragmas are applied                                       |
|               | (1) unroll                  | 184          | user unroll pragmas are applied                                                        |
|               | (2) simplification          | 154          | simplification of applied user unroll pragmas                                          |
|               | (3) inline                  | 138          | user inline pragmas are applied                                                        |
|               | (4) simplification          | 138          | simplification of applied user inline pragmas                                          |
|               |                             |              |                                                                                        |
| Array/Struct  |                             |              | After user array partition and struct aggregate/disaggregate pragmas are applied       |
|               | (1) array partition         | 139          | user array partition pragmas are applied                                               |
|               | (2) simplification          | 139          | simplification of applied user array partition & struct aggregate/disaggregate pragmas |
|               | (3) aggregate/disaggregate  | 139          | user struct aggregate/disaggregate pragmas are applied                                 |
|               | (4) array reshape           | 139          | apply array reshape pragmas                                                            |
|               | (5) access patterns         | 153          | array access pattern optmizations                                                      |
|               |                             |              |                                                                                        |
| Performance   |                             |              | After transformations are applied to meet performance pragma targets                   |
|               | (1) loop simplification     | 153          | loop and instruction simplification                                                    |
|               | (2) parallelization         | 171          | loops are unrolled or pipelined to meet performance targets                            |
|               | (3) array partition         | 171          | arrays are partitioned to meet performance targets                                     |
|               | (4) simplification          | 171          | simplification of design after performance transformations                             |
|               |                             |              |                                                                                        |
| HW Transforms |                             |              | After hardware transfomations                                                          |
|               | (1) lowering                | 180          | initial conversion to HW specific instructions                                         |
|               | (2) optimizations           | 208          | high level synthesis optimizations                                                     |
+---------------+-----------------------------+--------------+----------------------------------------------------------------------------------------+

* Instructions per Function for each Compilation Phase
+----------+-------------+--------------+---------------+--------------+-------------+---------------+
| Function | Location    | Compile/Link | Unroll/Inline | Array/Struct | Performance | HW Transforms |
+----------+-------------+--------------+---------------+--------------+-------------+---------------+
|   conv2d | conv2d.c:14 | 260          | 138           | 153          | 171         | 208           |
+----------+-------------+--------------+---------------+--------------+-------------+---------------+

* Design Size Message Settings
+---------------------------------------------+--------+------------------------------------------------------------------+
| Message Setting                             | Value  | Description                                                      |
+---------------------------------------------+--------+------------------------------------------------------------------+
| config_compile -design_size_maximum_warning | 100000 | Show a warning when total design instructions exceeds this value |
+---------------------------------------------+--------+------------------------------------------------------------------+


