Copyright 1986-2022 Xilinx, Inc. All Rights Reserved. Copyright 2022-2024 Advanced Micro Devices, Inc. All Rights Reserved.
---------------------------------------------------------------------------------------------------------------------------------------------
| Tool Version : Vivado v.2024.1 (win64) Build 5076996 Wed May 22 18:37:14 MDT 2024
| Date         : Fri May 16 10:40:50 2025
| Host         : 5CD322B2FW running 64-bit major release  (build 9200)
| Command      : upgrade_ip
| Device       : xc7z020clg400-1
---------------------------------------------------------------------------------------------------------------------------------------------

Upgrade Log for IP 'design_1_Pooling_0_0'

1. Summary
----------

SUCCESS in the upgrade of design_1_Pooling_0_0 (xilinx.com:hls:Pooling:1.0) from (Rev. 2114084182) to (Rev. 2114085580)






Copyright 1986-2022 Xilinx, Inc. All Rights Reserved. Copyright 2022-2024 Advanced Micro Devices, Inc. All Rights Reserved.
---------------------------------------------------------------------------------------------------------------------------------------------
| Tool Version : Vivado v.2024.1 (win64) Build 5076996 Wed May 22 18:37:14 MDT 2024
| Date         : Thu May 15 11:23:13 2025
| Host         : 5CD322B2FW running 64-bit major release  (build 9200)
| Command      : upgrade_ip
| Device       : xc7z020clg400-1
---------------------------------------------------------------------------------------------------------------------------------------------

Upgrade Log for IP 'design_1_Pooling_0_0'

1. Summary
----------

SUCCESS in the upgrade of design_1_Pooling_0_0 (xilinx.com:hls:Pooling:1.0) from (Rev. 2114081456) to (Rev. 2114084182)

